2025-04-24 17:14:20,448 - INFO - RFID tag initialized
2025-04-24 17:14:20,449 - INFO - Connected to RFID reader at 127.0.0.1:65432
2025-04-24 17:14:20,449 - INFO - Received M1: 8ed68fc87ff599e3da46953d398549c233ec5d4ad2b2ae9977f9980921f16fc9, H1: e4af6b2df51bbda833a6d8450c486a2dbebe52865174aa1a60fe9857d2fff140
2025-04-24 17:14:20,449 - INFO - h(PSK): 8ed68fc87ff599e3da46953d398549c233ec5d4ad2b2ae9977f9980921839d71
2025-04-24 17:14:20,449 - INFO - Calculated R1: 7533240
2025-04-24 17:14:20,450 - INFO - Calculated H1: e4af6b2df51bbda833a6d8450c486a2dbebe52865174aa1a60fe9857d2fff140
2025-04-24 17:14:20,450 - INFO - Reader challenge verified successfully
2025-04-24 17:14:20,450 - INFO - Generated random number R2: 1603121
2025-04-24 17:14:20,451 - INFO - M2 = h(PSK) XOR R2: 8ed68fc87ff599e3da46953d398549c233ec5d4ad2b2ae9977f99809219beb40
2025-04-24 17:14:20,451 - INFO - H2 = h(R1 || R2 || PSK || ID): 17984c7a0fc6083b823c396c3390920c0d7959e1c65ac4afecfa2d8ad0b1ae8b
2025-04-24 17:14:20,452 - INFO - Received H3: c292967584004f27cb1a2590bfad289ee5116a86bcf1ec79ed65a51f33a7f703
2025-04-24 17:14:20,452 - INFO - Expected H3: c292967584004f27cb1a2590bfad289ee5116a86bcf1ec79ed65a51f33a7f703
2025-04-24 17:14:20,452 - INFO - Reader authenticated successfully
2025-04-24 17:14:20,452 - INFO - Mutual authentication completed
2025-04-24 17:22:13,771 - INFO - RFID tag initialized
2025-04-24 17:22:13,771 - INFO - Connected to RFID reader at 127.0.0.1:65432
2025-04-24 17:22:13,772 - INFO - Received M1: 8ed68fc87ff599e3da46953d398549c233ec5d4ad2b2ae9977f99809210be047, H1: 3b349338747eaa017e56e0a4ac788a789e28164d104997d7797b3be390699bd9
2025-04-24 17:22:13,772 - INFO - h(PSK): 44d56c3684370209d653d991dbd2d1e02f6e847dc80d8783f2bf690bda0503a4
2025-04-24 17:22:13,772 - INFO - Calculated R1: 91374069525774763243015363596010508732043871404119255046392677304619234157539
2025-04-24 17:22:13,772 - INFO - Calculated H1: cf98fd560d1d9fa25eefaa3711fca62ece7e5e24cfc1729a135a234237862717
2025-04-24 17:22:13,772 - ERROR - Reader challenge verification failed: H1 mismatch
2025-04-24 17:49:35,029 - INFO - RFID tag initialized
2025-04-24 17:49:35,029 - INFO - Connected to RFID reader at 127.0.0.1:65433
2025-04-24 17:49:35,031 - INFO - Received M1: 8ed68fc87ff599e3da46953d398549c233ec5d4ad2b2ae9977f9980921cc914d, H1: e84537ee7be4683e13ac682fb06c6e4f73d4827c22c0f5e46bda60ea29c391dc
2025-04-24 17:49:35,031 - INFO - h(PSK): 8ed68fc87ff599e3da46953d398549c233ec5d4ad2b2ae9977f9980921839d71
2025-04-24 17:49:35,031 - INFO - Calculated R1: 5180476
2025-04-24 17:49:35,031 - INFO - Calculated H1: 4ec338e2daa4cad963c152f9492da99952b491761cb10f8bb8eff035b1afad1b
2025-04-24 17:49:35,031 - ERROR - Reader challenge verification failed: H1 mismatch
2025-04-30 15:26:23,557 - INFO - RFID tag initialized
2025-04-30 15:26:23,557 - INFO - Connected to RFID reader at 127.0.0.1:65432
2025-04-30 15:26:23,559 - INFO - Received M1: 8ed68fc87ff599e3da46953d398549c233ec5d4ad2b2ae9977f9980921ed8bd9, H1: 4db4073ed871ac7cd83b78d35ed1b0aad884c624b7a9843c931dbd08a3f47ac3
2025-04-30 15:26:23,559 - INFO - h(PSK): 8ed68fc87ff599e3da46953d398549c233ec5d4ad2b2ae9977f9980921839d71
2025-04-30 15:26:23,559 - INFO - Calculated R1: 7214760
2025-04-30 15:26:23,559 - INFO - Calculated H1: 4db4073ed871ac7cd83b78d35ed1b0aad884c624b7a9843c931dbd08a3f47ac3
2025-04-30 15:26:23,559 - INFO - Reader challenge verified successfully
2025-04-30 15:26:23,559 - INFO - Generated random number R2: 7675682
2025-04-30 15:26:23,559 - INFO - M2 = h(PSK) XOR R2: 8ed68fc87ff599e3da46953d398549c233ec5d4ad2b2ae9977f9980921f68253
2025-04-30 15:26:23,559 - INFO - H2 = h(R1 || R2 || PSK || ID): cd9ebf4ac51e56bb4ccd9e0ac3514087d4ea1d0f234e13176f54bbb4adb42840
2025-04-30 15:26:23,560 - INFO - Received H3: bbb0c904602fa15295f6dd718afec2bb3b876b44c7d190da31d0bc64529c67b6
2025-04-30 15:26:23,560 - INFO - Expected H3: bbb0c904602fa15295f6dd718afec2bb3b876b44c7d190da31d0bc64529c67b6
2025-04-30 15:26:23,560 - INFO - Reader authenticated successfully
2025-04-30 15:26:23,560 - INFO - Mutual authentication completed
2025-04-30 15:40:45,483 - INFO - RFID tag initialized
2025-04-30 15:40:45,483 - INFO - Connected to RFID reader at 127.0.0.1:65432
2025-04-30 15:40:45,484 - INFO - Received M1: 8ed68fc87ff599e3da46953d398549c233ec5d4ad2b2ae9977f998092110997b, H1: 77fae19e2d9e01aea50803d05a688ef4baae39202e144acae9c9f4696b913939
2025-04-30 15:40:45,484 - INFO - h(PSK): 8ed68fc87ff599e3da46953d398549c233ec5d4ad2b2ae9977f9980921839d71
2025-04-30 15:40:45,484 - INFO - Calculated R1: 9634826
2025-04-30 15:40:45,484 - INFO - Calculated H1: 77fae19e2d9e01aea50803d05a688ef4baae39202e144acae9c9f4696b913939
2025-04-30 15:40:45,484 - INFO - Reader challenge verified successfully
2025-04-30 15:40:45,484 - INFO - Generated random number R2: 7553059
2025-04-30 15:40:45,484 - INFO - M2 = h(PSK) XOR R2: 8ed68fc87ff599e3da46953d398549c233ec5d4ad2b2ae9977f9980921f0dd52
2025-04-30 15:40:45,484 - INFO - H2 = h(R1 || R2 || PSK || ID): ca9cdb68a060c3150426240833c7fd1ea59ee8e594869f0262c16df4f9049db9
2025-04-30 15:40:45,485 - INFO - Received H3: 0299b1c37497881187d2484011f8d7a2fdb364fb8520e62cddda5c51b579e17c
2025-04-30 15:40:45,485 - INFO - Expected H3: 0299b1c37497881187d2484011f8d7a2fdb364fb8520e62cddda5c51b579e17c
2025-04-30 15:40:45,485 - INFO - Reader authenticated successfully
2025-04-30 15:40:45,485 - INFO - Mutual authentication completed
