2025-04-24 17:10:09,704 - INFO - RFID reader started
2025-04-24 17:14:14,636 - INFO - RFID reader started
2025-04-24 17:14:20,449 - INFO - RFID tag connected from ('127.0.0.1', 7857)
2025-04-24 17:14:20,449 - INFO - Generated random number R1: 7533240
2025-04-24 17:14:20,449 - INFO - h(PSK): 8ed68fc87ff599e3da46953d398549c233ec5d4ad2b2ae9977f9980921839d71
2025-04-24 17:14:20,449 - INFO - M1 = h(PSK) XOR R1: 8ed68fc87ff599e3da46953d398549c233ec5d4ad2b2ae9977f9980921f16fc9
2025-04-24 17:14:20,449 - INFO - H1 = h(R1 || PSK): e4af6b2df51bbda833a6d8450c486a2dbebe52865174aa1a60fe9857d2fff140
2025-04-24 17:14:20,451 - INFO - Received M2: 8ed68fc87ff599e3da46953d398549c233ec5d4ad2b2ae9977f99809219beb40, H2: 17984c7a0fc6083b823c396c3390920c0d7959e1c65ac4afecfa2d8ad0b1ae8b
2025-04-24 17:14:20,452 - INFO - Calculated R2: 1603121
2025-04-24 17:14:20,452 - INFO - Calculated H2: 17984c7a0fc6083b823c396c3390920c0d7959e1c65ac4afecfa2d8ad0b1ae8b
2025-04-24 17:14:20,452 - INFO - Tag authenticated successfully
2025-04-24 17:14:20,452 - INFO - H3 = h(R2 || PSK): c292967584004f27cb1a2590bfad289ee5116a86bcf1ec79ed65a51f33a7f703
2025-04-24 17:14:20,452 - INFO - Mutual authentication completed
2025-04-24 17:21:58,282 - INFO - RFID reader started
2025-04-24 17:22:13,772 - INFO - RFID tag connected from ('127.0.0.1', 10000)
2025-04-24 17:22:13,772 - INFO - Generated random number R1: 8944950
2025-04-24 17:22:13,772 - INFO - h(PSK): 8ed68fc87ff599e3da46953d398549c233ec5d4ad2b2ae9977f9980921839d71
2025-04-24 17:22:13,772 - INFO - M1 = h(PSK) XOR R1: 8ed68fc87ff599e3da46953d398549c233ec5d4ad2b2ae9977f99809210be047
2025-04-24 17:22:13,772 - INFO - H1 = h(R1 || PSK): 3b349338747eaa017e56e0a4ac788a789e28164d104997d7797b3be390699bd9
2025-04-24 17:22:13,772 - ERROR - No response received from tag
2025-04-24 17:33:42,239 - INFO - RFID reader started
2025-04-24 17:33:48,517 - INFO - RFID tag connected from ('127.0.0.1', 13088)
2025-04-24 17:33:48,518 - INFO - Generated random number R1: 4727448
2025-04-24 17:33:48,518 - INFO - h(PSK): 8ed68fc87ff599e3da46953d398549c233ec5d4ad2b2ae9977f9980921839d71
2025-04-24 17:33:48,518 - INFO - M1 = h(PSK) XOR R1: 8ed68fc87ff599e3da46953d398549c233ec5d4ad2b2ae9977f9980921cbbfe9
2025-04-24 17:33:48,518 - INFO - H1 = h(R1 || PSK): 2bcf4b1a82cd02771cd167934129b4d4824809faf798aa2d2d9fcd0359d27429
2025-04-24 17:33:48,518 - INFO - Received M2: 8ed68fc87ff599e3da46953d398549c233ec5d4ad2b2ae9977f99809213ffc3f, H2: 0fccc6da2d09934526a9f1f74ea88398d32d39b1947b455c206ac29c6c871502
2025-04-24 17:33:48,519 - INFO - Calculated R2: 12345678
2025-04-24 17:33:48,519 - INFO - Calculated H2: 0fccc6da2d09934526a9f1f74ea88398d32d39b1947b455c206ac29c6c871502
2025-04-24 17:33:48,519 - INFO - Tag authenticated successfully
2025-04-24 17:33:48,519 - INFO - H3 = h(R2 || PSK): 8c1a4d16d9ddcc67df6ab3067d3a017f2d7bb67dcf27100ff0c3bff6e51c472c
2025-04-24 17:33:48,519 - INFO - Mutual authentication completed
2025-04-24 17:33:51,521 - INFO - RFID tag connected from ('127.0.0.1', 13109)
2025-04-24 17:33:51,521 - INFO - Generated random number R1: 7854734
2025-04-24 17:33:51,521 - INFO - h(PSK): 8ed68fc87ff599e3da46953d398549c233ec5d4ad2b2ae9977f9980921839d71
2025-04-24 17:33:51,521 - INFO - M1 = h(PSK) XOR R1: 8ed68fc87ff599e3da46953d398549c233ec5d4ad2b2ae9977f9980921f447ff
2025-04-24 17:33:51,521 - INFO - H1 = h(R1 || PSK): f0dbbc3c1fea46352eea30741d3d7b14c3c52776601f7db5bbb55824b31e754e
2025-04-24 17:33:51,525 - INFO - Received M2: 8ed68fc87ff599e3da46953d398549c233ec5d4ad2b2ae9977f99809213ffc3f, H2: 0fccc6da2d09934526a9f1f74ea88398d32d39b1947b455c206ac29c6c871502
2025-04-24 17:33:51,525 - INFO - Calculated R2: 12345678
2025-04-24 17:33:51,525 - INFO - Calculated H2: 47990b1a63483740aa8b7227afa6793b7969c9ec3e12431dd6d57ca9135c2bef
2025-04-24 17:33:51,525 - ERROR - Tag authentication failed: H2 mismatch
2025-04-24 17:49:09,969 - INFO - RFID reader started
2025-04-24 17:49:35,030 - INFO - RFID tag connected from ('127.0.0.1', 3341)
2025-04-24 17:49:35,030 - INFO - Generated random number R1: 5180611
2025-04-24 17:49:35,030 - INFO - h(PSK): 8ed68fc87ff599e3da46953d398549c233ec5d4ad2b2ae9977f9980921839d71
2025-04-24 17:49:35,030 - INFO - M1 = h(PSK) XOR R1: 8ed68fc87ff599e3da46953d398549c233ec5d4ad2b2ae9977f9980921cc91b2
2025-04-24 17:49:35,030 - INFO - H1 = h(R1 || PSK): e84537ee7be4683e13ac682fb06c6e4f73d4827c22c0f5e46bda60ea29c391dc
2025-04-30 15:24:50,169 - INFO - RFID reader started
2025-04-30 15:26:23,559 - INFO - RFID tag connected from ('127.0.0.1', 2867)
2025-04-30 15:26:23,559 - INFO - Generated random number R1: 7214760
2025-04-30 15:26:23,559 - INFO - h(PSK): 8ed68fc87ff599e3da46953d398549c233ec5d4ad2b2ae9977f9980921839d71
2025-04-30 15:26:23,559 - INFO - M1 = h(PSK) XOR R1: 8ed68fc87ff599e3da46953d398549c233ec5d4ad2b2ae9977f9980921ed8bd9
2025-04-30 15:26:23,559 - INFO - H1 = h(R1 || PSK): 4db4073ed871ac7cd83b78d35ed1b0aad884c624b7a9843c931dbd08a3f47ac3
2025-04-30 15:26:23,559 - INFO - Received M2: 8ed68fc87ff599e3da46953d398549c233ec5d4ad2b2ae9977f9980921f68253, H2: cd9ebf4ac51e56bb4ccd9e0ac3514087d4ea1d0f234e13176f54bbb4adb42840
2025-04-30 15:26:23,559 - INFO - Calculated R2: 7675682
2025-04-30 15:26:23,559 - INFO - Calculated H2: cd9ebf4ac51e56bb4ccd9e0ac3514087d4ea1d0f234e13176f54bbb4adb42840
2025-04-30 15:26:23,560 - INFO - Tag authenticated successfully
2025-04-30 15:26:23,560 - INFO - H3 = h(R2 || PSK): bbb0c904602fa15295f6dd718afec2bb3b876b44c7d190da31d0bc64529c67b6
2025-04-30 15:26:23,560 - INFO - Mutual authentication completed
2025-04-30 15:40:37,972 - INFO - RFID reader started
2025-04-30 15:40:45,484 - INFO - RFID tag connected from ('127.0.0.1', 3791)
2025-04-30 15:40:45,484 - INFO - Generated random number R1: 9634826
2025-04-30 15:40:45,484 - INFO - h(PSK): 8ed68fc87ff599e3da46953d398549c233ec5d4ad2b2ae9977f9980921839d71
2025-04-30 15:40:45,484 - INFO - M1 = h(PSK) XOR R1: 8ed68fc87ff599e3da46953d398549c233ec5d4ad2b2ae9977f998092110997b
2025-04-30 15:40:45,484 - INFO - H1 = h(R1 || PSK): 77fae19e2d9e01aea50803d05a688ef4baae39202e144acae9c9f4696b913939
2025-04-30 15:40:45,484 - INFO - Received M2: 8ed68fc87ff599e3da46953d398549c233ec5d4ad2b2ae9977f9980921f0dd52, H2: ca9cdb68a060c3150426240833c7fd1ea59ee8e594869f0262c16df4f9049db9
2025-04-30 15:40:45,484 - INFO - Calculated R2: 7553059
2025-04-30 15:40:45,484 - INFO - Calculated H2: ca9cdb68a060c3150426240833c7fd1ea59ee8e594869f0262c16df4f9049db9
2025-04-30 15:40:45,484 - INFO - Tag authenticated successfully
2025-04-30 15:40:45,484 - INFO - H3 = h(R2 || PSK): 0299b1c37497881187d2484011f8d7a2fdb364fb8520e62cddda5c51b579e17c
2025-04-30 15:40:45,485 - INFO - Mutual authentication completed
